#
# There is insufficient memory for the Java Runtime Environment to continue.
# Native memory allocation (mmap) failed to map 65536 bytes. Error detail: Failed to commit metaspace.
# Possible reasons:
#   The system is out of physical RAM or swap space
#   This process is running with CompressedOops enabled, and the Java Heap may be blocking the growth of the native heap
# Possible solutions:
#   Reduce memory load on the system
#   Increase physical memory or swap space
#   Check if swap backing store is full
#   Decrease Java heap size (-Xmx/-Xms)
#   Decrease number of Java threads
#   Decrease Java thread stack sizes (-Xss)
#   Set larger code cache with -XX:ReservedCodeCacheSize=
#   JVM is running with Unscaled Compressed Oops mode in which the Java heap is
#     placed in the first 4GB address space. The Java Heap base address is the
#     maximum limit for the native heap growth. Please use -XX:HeapBaseMinAddress
#     to set the Java Heap base and to place the Java Heap above 4GB virtual address.
# This output file may be truncated or incomplete.
#
#  Out of Memory Error (virtualSpaceNode.cpp:113), pid=21448, tid=19452
#
# JRE version:  (21.0.5+11) (build )
# Java VM: OpenJDK 64-Bit Server VM (21.0.5+11-LTS, mixed mode, tiered, compressed oops, compressed class ptrs, g1 gc, windows-amd64)
# No core dump will be written. Minidumps are not enabled by default on client versions of Windows
#

---------------  S U M M A R Y ------------

Command Line: -Dapplication.home=c:\Users\PT\.vscode\extensions\redhat.java-1.39.0-win32-x64\jre\21.0.5-win32-x86_64 -Xms8m -Djdk.module.main=jdk.jcmd jdk.jcmd/sun.tools.jcmd.JCmd 20776 VM.uptime

Host: 11th Gen Intel(R) Core(TM) i5-1135G7 @ 2.40GHz, 8 cores, 7G,  Windows 11 , 64 bit Build 22621 (10.0.22621.4830)
Time: Thu Feb 20 18:05:28 2025 SE Asia Standard Time elapsed time: 0.066537 seconds (0d 0h 0m 0s)

---------------  T H R E A D  ---------------

Current thread (0x00000279a63df770):  JavaThread "Unknown thread" [_thread_in_vm, id=19452, stack(0x000000e930800000,0x000000e930900000) (1024K)]

Stack: [0x000000e930800000,0x000000e930900000]
Native frames: (J=compiled Java code, j=interpreted, Vv=VM code, C=native code)
V  [jvm.dll+0x6cd4e9]
V  [jvm.dll+0x8a7941]
V  [jvm.dll+0x8a9e6e]
V  [jvm.dll+0x8aa543]
V  [jvm.dll+0x27f6d6]
V  [jvm.dll+0x8a368e]
V  [jvm.dll+0x6701c5]
V  [jvm.dll+0x67022a]
V  [jvm.dll+0x672a12]
V  [jvm.dll+0x6728e2]
V  [jvm.dll+0x670b9e]
V  [jvm.dll+0x2693ef]
V  [jvm.dll+0x67ae05]
V  [jvm.dll+0x2155fd]
V  [jvm.dll+0x215b7a]
V  [jvm.dll+0x2165a5]
V  [jvm.dll+0x20bb6e]
V  [jvm.dll+0x5ae1dc]
V  [jvm.dll+0x21d22a]
V  [jvm.dll+0x82030c]
V  [jvm.dll+0x821334]
V  [jvm.dll+0x821902]
V  [jvm.dll+0x821588]
V  [jvm.dll+0x8a5933]
V  [jvm.dll+0x8a5716]
V  [jvm.dll+0x86f1f9]
V  [jvm.dll+0x870acd]
V  [jvm.dll+0x3bc109]
V  [jvm.dll+0x859dd8]
V  [jvm.dll+0x4504ee]
V  [jvm.dll+0x452131]
C  [jli.dll+0x5278]
C  [ucrtbase.dll+0x29333]
C  [KERNEL32.DLL+0x1259d]
C  [ntdll.dll+0x5af38]


---------------  P R O C E S S  ---------------

Threads class SMR info:
_java_thread_list=0x00000279a85ccd40, length=1, elements={
0x00000279a63df770
}

Java Threads: ( => current thread )
=>0x00000279a63df770 JavaThread "Unknown thread"             [_thread_in_vm, id=19452, stack(0x000000e930800000,0x000000e930900000) (1024K)]
Total: 1

Other Threads:
  0x00000279bfc4ca10 WatcherThread "VM Periodic Task Thread"        [id=19888, stack(0x000000e930e00000,0x000000e930f00000) (1024K)]
  0x00000279a857fb40 WorkerThread "GC Thread#0"                     [id=2412, stack(0x000000e930900000,0x000000e930a00000) (1024K)]
  0x00000279a85903e0 ConcurrentGCThread "G1 Main Marker"            [id=12136, stack(0x000000e930a00000,0x000000e930b00000) (1024K)]
  0x00000279a8590ee0 WorkerThread "G1 Conc#0"                       [id=10572, stack(0x000000e930b00000,0x000000e930c00000) (1024K)]
  0x00000279a85c3290 ConcurrentGCThread "G1 Refine#0"               [id=20384, stack(0x000000e930c00000,0x000000e930d00000) (1024K)]
  0x00000279a85c3e00 ConcurrentGCThread "G1 Service"                [id=19852, stack(0x000000e930d00000,0x000000e930e00000) (1024K)]
Total: 6

Threads with active compile tasks:
Total: 0

VM state: not at safepoint (not fully initialized)

VM Mutex/Monitor currently owned by a thread:  ([mutex/lock_event])
[0x00007ff976dab300] Metaspace_lock - owner thread: 0x00000279a63df770

Heap address: 0x0000000083a00000, size: 1990 MB, Compressed Oops mode: 32-bit

CDS archive(s) not mapped
Compressed class space mapped at: 0x0000000100000000-0x0000000140000000, reserved size: 1073741824
Narrow klass base: 0x0000000000000000, Narrow klass shift: 3, Narrow klass range: 0x140000000

GC Precious Log:
 CardTable entry size: 512
 Card Set container configuration: InlinePtr #cards 5 size 8 Array Of Cards #cards 12 size 40 Howl #buckets 4 coarsen threshold 1843 Howl Bitmap #cards 512 size 80 coarsen threshold 460 Card regions per heap region 1 cards per card region 2048
 CPUs: 8 total, 8 available
 Memory: 7957M
 Large Page Support: Disabled
 NUMA Support: Disabled
 Compressed Oops: Enabled (32-bit)
 Heap Region Size: 1M
 Heap Min Capacity: 8M
 Heap Initial Capacity: 8M
 Heap Max Capacity: 1990M
 Pre-touch: Disabled
 Parallel Workers: 8
 Concurrent Workers: 2
 Concurrent Refinement Workers: 8
 Periodic GC: Disabled

Heap:
 garbage-first heap   total 8192K, used 0K [0x0000000083a00000, 0x0000000100000000)
  region size 1024K, 1 young (1024K), 0 survivors (0K)
 Metaspace       used 560K, committed 576K, reserved 1114112K
  class space    used 48K, committed 64K, reserved 1048576K

Heap Regions: E=young(eden), S=young(survivor), O=old, HS=humongous(starts), HC=humongous(continues), CS=collection set, F=free, TAMS=top-at-mark-start, PB=parsable bottom
|   0|0x0000000083a00000, 0x0000000083a00000, 0x0000000083b00000|  0%| F|  |TAMS 0x0000000083a00000| PB 0x0000000083a00000| Untracked 
|   1|0x0000000083b00000, 0x0000000083b00000, 0x0000000083c00000|  0%| F|  |TAMS 0x0000000083b00000| PB 0x0000000083b00000| Untracked 
|   2|0x0000000083c00000, 0x0000000083c00000, 0x0000000083d00000|  0%| F|  |TAMS 0x0000000083c00000| PB 0x0000000083c00000| Untracked 
|   3|0x0000000083d00000, 0x0000000083d00000, 0x0000000083e00000|  0%| F|  |TAMS 0x0000000083d00000| PB 0x0000000083d00000| Untracked 
|   4|0x0000000083e00000, 0x0000000083e00000, 0x0000000083f00000|  0%| F|  |TAMS 0x0000000083e00000| PB 0x0000000083e00000| Untracked 
|   5|0x0000000083f00000, 0x0000000083f00000, 0x0000000084000000|  0%| F|  |TAMS 0x0000000083f00000| PB 0x0000000083f00000| Untracked 
|   6|0x0000000084000000, 0x0000000084000000, 0x0000000084100000|  0%| F|  |TAMS 0x0000000084000000| PB 0x0000000084000000| Untracked 
|   7|0x0000000084100000, 0x000000008410f630, 0x0000000084200000|  6%| E|  |TAMS 0x0000000084100000| PB 0x0000000084100000| Complete 

Card table byte_map: [0x00000279bafa0000,0x00000279bb390000] _byte_map_base: 0x00000279bab83000

Marking Bits: (CMBitMap*) 0x00000279a8580240
 Bits: [0x00000279bb390000, 0x00000279bd2a8000)

GC Heap History (0 events):
No events

Dll operation events (2 events):
Event: 0.011 Loaded shared library c:\Users\PT\.vscode\extensions\redhat.java-1.39.0-win32-x64\jre\21.0.5-win32-x86_64\bin\java.dll
Event: 0.023 Loaded shared library c:\Users\PT\.vscode\extensions\redhat.java-1.39.0-win32-x64\jre\21.0.5-win32-x86_64\bin\zip.dll

Deoptimization events (0 events):
No events

Classes loaded (20 events):
Event: 0.058 Loading class java/lang/reflect/Constructor done
Event: 0.058 Loading class jdk/internal/vm/ContinuationScope
Event: 0.058 Loading class jdk/internal/vm/ContinuationScope done
Event: 0.058 Loading class jdk/internal/vm/Continuation
Event: 0.059 Loading class jdk/internal/vm/Continuation done
Event: 0.059 Loading class jdk/internal/vm/StackChunk
Event: 0.060 Loading class jdk/internal/vm/StackChunk done
Event: 0.060 Loading class jdk/internal/reflect/MagicAccessorImpl
Event: 0.061 Loading class jdk/internal/reflect/MagicAccessorImpl done
Event: 0.061 Loading class jdk/internal/reflect/MethodAccessorImpl
Event: 0.061 Loading class jdk/internal/reflect/MethodAccessor
Event: 0.061 Loading class jdk/internal/reflect/MethodAccessor done
Event: 0.061 Loading class jdk/internal/reflect/MethodAccessorImpl done
Event: 0.061 Loading class jdk/internal/reflect/ConstructorAccessorImpl
Event: 0.061 Loading class jdk/internal/reflect/ConstructorAccessor
Event: 0.061 Loading class jdk/internal/reflect/ConstructorAccessor done
Event: 0.061 Loading class jdk/internal/reflect/ConstructorAccessorImpl done
Event: 0.061 Loading class jdk/internal/reflect/DelegatingClassLoader
Event: 0.061 Loading class jdk/internal/reflect/DelegatingClassLoader done
Event: 0.061 Loading class jdk/internal/reflect/ConstantPool

Classes unloaded (0 events):
No events

Classes redefined (0 events):
No events

Internal exceptions (0 events):
No events

ZGC Phase Switch (0 events):
No events

VM Operations (0 events):
No events

Memory protections (0 events):
No events

Nmethod flushes (0 events):
No events

Events (1 events):
Event: 0.020 Thread 0x00000279a63df770 Thread added: 0x00000279a63df770


Dynamic libraries:
0x00007ff7f2100000 - 0x00007ff7f2108000 	c:\Users\PT\.vscode\extensions\redhat.java-1.39.0-win32-x64\jre\21.0.5-win32-x86_64\bin\jcmd.exe
0x00007ff9f6b50000 - 0x00007ff9f6d67000 	C:\WINDOWS\SYSTEM32\ntdll.dll
0x00007ff9f4bd0000 - 0x00007ff9f4c94000 	C:\WINDOWS\System32\KERNEL32.DLL
0x00007ff9f4350000 - 0x00007ff9f4720000 	C:\WINDOWS\System32\KERNELBASE.dll
0x00007ff9f4140000 - 0x00007ff9f4251000 	C:\WINDOWS\System32\ucrtbase.dll
0x00007ff9e4f30000 - 0x00007ff9e4f48000 	c:\Users\PT\.vscode\extensions\redhat.java-1.39.0-win32-x64\jre\21.0.5-win32-x86_64\bin\jli.dll
0x00007ff9e5080000 - 0x00007ff9e509e000 	c:\Users\PT\.vscode\extensions\redhat.java-1.39.0-win32-x64\jre\21.0.5-win32-x86_64\bin\VCRUNTIME140.dll
0x00007ff9f4ca0000 - 0x00007ff9f4e4e000 	C:\WINDOWS\System32\USER32.dll
0x00007ff9d4090000 - 0x00007ff9d4322000 	C:\WINDOWS\WinSxS\amd64_microsoft.windows.common-controls_6595b64144ccf1df_6.0.22621.4830_none_270fe7d773858e80\COMCTL32.dll
0x00007ff9f4320000 - 0x00007ff9f4346000 	C:\WINDOWS\System32\win32u.dll
0x00007ff9f4b10000 - 0x00007ff9f4bb7000 	C:\WINDOWS\System32\msvcrt.dll
0x00007ff9f4a60000 - 0x00007ff9f4a89000 	C:\WINDOWS\System32\GDI32.dll
0x00007ff9f4020000 - 0x00007ff9f413b000 	C:\WINDOWS\System32\gdi32full.dll
0x00007ff9f47a0000 - 0x00007ff9f483a000 	C:\WINDOWS\System32\msvcp_win.dll
0x00007ff9f49d0000 - 0x00007ff9f4a01000 	C:\WINDOWS\System32\IMM32.DLL
0x00007ff9e47c0000 - 0x00007ff9e47cc000 	c:\Users\PT\.vscode\extensions\redhat.java-1.39.0-win32-x64\jre\21.0.5-win32-x86_64\bin\vcruntime140_1.dll
0x00007ff9c2750000 - 0x00007ff9c27dd000 	c:\Users\PT\.vscode\extensions\redhat.java-1.39.0-win32-x64\jre\21.0.5-win32-x86_64\bin\msvcp140.dll
0x00007ff976100000 - 0x00007ff976e8f000 	c:\Users\PT\.vscode\extensions\redhat.java-1.39.0-win32-x64\jre\21.0.5-win32-x86_64\bin\server\jvm.dll
0x00007ff9f5250000 - 0x00007ff9f5301000 	C:\WINDOWS\System32\ADVAPI32.dll
0x00007ff9f69e0000 - 0x00007ff9f6a87000 	C:\WINDOWS\System32\sechost.dll
0x00007ff9f3ff0000 - 0x00007ff9f4018000 	C:\WINDOWS\System32\bcrypt.dll
0x00007ff9f6040000 - 0x00007ff9f6154000 	C:\WINDOWS\System32\RPCRT4.dll
0x00007ff9f5650000 - 0x00007ff9f56c1000 	C:\WINDOWS\System32\WS2_32.dll
0x00007ff9f3cd0000 - 0x00007ff9f3d1d000 	C:\WINDOWS\SYSTEM32\POWRPROF.dll
0x00007ff9ed510000 - 0x00007ff9ed544000 	C:\WINDOWS\SYSTEM32\WINMM.dll
0x00007ff9eeaa0000 - 0x00007ff9eeaaa000 	C:\WINDOWS\SYSTEM32\VERSION.dll
0x00007ff9f3cb0000 - 0x00007ff9f3cc3000 	C:\WINDOWS\SYSTEM32\UMPDC.dll
0x00007ff9f2e00000 - 0x00007ff9f2e18000 	C:\WINDOWS\SYSTEM32\kernel.appcore.dll
0x00007ff9e3b90000 - 0x00007ff9e3b9a000 	c:\Users\PT\.vscode\extensions\redhat.java-1.39.0-win32-x64\jre\21.0.5-win32-x86_64\bin\jimage.dll
0x00007ff9f15b0000 - 0x00007ff9f17e2000 	C:\WINDOWS\SYSTEM32\DBGHELP.DLL
0x00007ff9f4ec0000 - 0x00007ff9f5250000 	C:\WINDOWS\System32\combase.dll
0x00007ff9f59a0000 - 0x00007ff9f5a77000 	C:\WINDOWS\System32\OLEAUT32.dll
0x00007ff9e94e0000 - 0x00007ff9e9512000 	C:\WINDOWS\SYSTEM32\dbgcore.DLL
0x00007ff9f3f70000 - 0x00007ff9f3feb000 	C:\WINDOWS\System32\bcryptPrimitives.dll
0x00007ff9dea80000 - 0x00007ff9dea9f000 	c:\Users\PT\.vscode\extensions\redhat.java-1.39.0-win32-x64\jre\21.0.5-win32-x86_64\bin\java.dll
0x00007ff9de730000 - 0x00007ff9de748000 	c:\Users\PT\.vscode\extensions\redhat.java-1.39.0-win32-x64\jre\21.0.5-win32-x86_64\bin\zip.dll

dbghelp: loaded successfully - version: 4.0.5 - missing functions: none
symbol engine: initialized successfully - sym options: 0x614 - pdb path: .;c:\Users\PT\.vscode\extensions\redhat.java-1.39.0-win32-x64\jre\21.0.5-win32-x86_64\bin;C:\WINDOWS\SYSTEM32;C:\WINDOWS\WinSxS\amd64_microsoft.windows.common-controls_6595b64144ccf1df_6.0.22621.4830_none_270fe7d773858e80;c:\Users\PT\.vscode\extensions\redhat.java-1.39.0-win32-x64\jre\21.0.5-win32-x86_64\bin\server

VM Arguments:
jvm_args: -Dapplication.home=c:\Users\PT\.vscode\extensions\redhat.java-1.39.0-win32-x64\jre\21.0.5-win32-x86_64 -Xms8m -Djdk.module.main=jdk.jcmd 
java_command: jdk.jcmd/sun.tools.jcmd.JCmd 20776 VM.uptime
java_class_path (initial): <not set>
Launcher Type: SUN_STANDARD

[Global flags]
     intx CICompilerCount                          = 4                                         {product} {ergonomic}
     uint ConcGCThreads                            = 2                                         {product} {ergonomic}
     uint G1ConcRefinementThreads                  = 8                                         {product} {ergonomic}
   size_t G1HeapRegionSize                         = 1048576                                   {product} {ergonomic}
    uintx GCDrainStackTargetSize                   = 64                                        {product} {ergonomic}
   size_t InitialHeapSize                          = 8388608                                   {product} {command line}
   size_t MarkStackSize                            = 4194304                                   {product} {ergonomic}
   size_t MaxHeapSize                              = 2086666240                                {product} {ergonomic}
   size_t MaxNewSize                               = 1251999744                                {product} {ergonomic}
   size_t MinHeapDeltaBytes                        = 1048576                                   {product} {ergonomic}
   size_t MinHeapSize                              = 8388608                                   {product} {command line}
    uintx NonNMethodCodeHeapSize                   = 5839372                                {pd product} {ergonomic}
    uintx NonProfiledCodeHeapSize                  = 122909434                              {pd product} {ergonomic}
    uintx ProfiledCodeHeapSize                     = 122909434                              {pd product} {ergonomic}
    uintx ReservedCodeCacheSize                    = 251658240                              {pd product} {ergonomic}
     bool SegmentedCodeCache                       = true                                      {product} {ergonomic}
   size_t SoftMaxHeapSize                          = 2086666240                             {manageable} {ergonomic}
     bool UseCompressedOops                        = true                           {product lp64_product} {ergonomic}
     bool UseG1GC                                  = true                                      {product} {ergonomic}
     bool UseLargePagesIndividualAllocation        = false                                  {pd product} {ergonomic}

Logging:
Log output configuration:
 #0: stdout all=warning uptime,level,tags foldmultilines=false
 #1: stderr all=off uptime,level,tags foldmultilines=false

Environment Variables:
JAVA_HOME=C:\Program Files\Java\jdk-19\bin
PATH=C:\Program Files\Microsoft MPI\Bin\;C:\Program Files\Common Files\Oracle\Java\javapath;C:\Program Files (x86)\Common Files\Oracle\Java\javapath;C:\ProgramData\Oracle\Java\javapath;C:\WINDOWS\system32;C:\WINDOWS;C:\WINDOWS\System32\Wbem;C:\WINDOWS\System32\WindowsPowerShell\v1.0\;C:\WINDOWS\System32\OpenSSH\;C:\Program Files (x86)\mingw-w64\i686-8.1.0-posix-dwarf-rt_v6-rev0;C:\Program Files (x86)\MinGW64\bin\gcc.exe;C:\Program Files\nodejs\;C:\Program Files\Docker\Docker\resources\bin;C:\Program Files\HP\HP One Agent;C:\Program Files\dotnet\;C:\Program Files\Cloudflare\Cloudflare WARP\;C:\Program Files\Java\jdk-19\bin;C:\Program Files\Git\cmd;C:\Users\PT\AppData\Local\Programs\Python\Python311\Scripts\;C:\Users\PT\AppData\Local\Programs\Python\Python311\;C:\Users\PT\AppData\Local\Microsoft\WindowsApps;C:\Users\PT\AppData\Local\Microsoft VS Code\bin;C:\Users\PT\AppData\Roaming\npm;C:\Users\PT\.dotnet\tools;D:\DAIHOC\Th?c t?p\sf\bin
USERNAME=PT
OS=Windows_NT
PROCESSOR_IDENTIFIER=Intel64 Family 6 Model 140 Stepping 1, GenuineIntel
TMP=C:\Users\PT\AppData\Local\Temp
TEMP=C:\Users\PT\AppData\Local\Temp




Periodic native trim disabled

---------------  S Y S T E M  ---------------

OS:
 Windows 11 , 64 bit Build 22621 (10.0.22621.4830)
OS uptime: 1 days 10:09 hours
Hyper-V role detected

CPU: total 8 (initial active 8) (4 cores per cpu, 2 threads per core) family 6 model 140 stepping 1 microcode 0xac, cx8, cmov, fxsr, ht, mmx, 3dnowpref, sse, sse2, sse3, ssse3, sse4.1, sse4.2, popcnt, lzcnt, tsc, tscinvbit, avx, avx2, aes, erms, clmul, bmi1, bmi2, adx, avx512f, avx512dq, avx512cd, avx512bw, avx512vl, sha, fma, vzeroupper, avx512_vpopcntdq, avx512_vpclmulqdq, avx512_vaes, avx512_vnni, clflush, clflushopt, clwb, avx512_vbmi2, avx512_vbmi, hv, rdtscp, rdpid, fsrm, gfni, avx512_bitalg, f16c, cet_ibt, cet_ss, avx512_ifma
Processor Information for processor 0
  Max Mhz: 2419, Current Mhz: 2419, Mhz Limit: 2419
Processor Information for processor 1
  Max Mhz: 2419, Current Mhz: 2419, Mhz Limit: 2419
Processor Information for processor 2
  Max Mhz: 2419, Current Mhz: 2419, Mhz Limit: 2419
Processor Information for processor 3
  Max Mhz: 2419, Current Mhz: 2419, Mhz Limit: 2419
Processor Information for processor 4
  Max Mhz: 2419, Current Mhz: 1007, Mhz Limit: 2419
Processor Information for processor 5
  Max Mhz: 2419, Current Mhz: 2419, Mhz Limit: 2419
Processor Information for processor 6
  Max Mhz: 2419, Current Mhz: 2419, Mhz Limit: 2419
Processor Information for processor 7
  Max Mhz: 2419, Current Mhz: 2419, Mhz Limit: 2419

Memory: 4k page, system-wide physical 7957M (481M free)
TotalPageFile size 15412M (AvailPageFile size 1M)
current process WorkingSet (physical memory assigned to process): 15M, peak: 15M
current process commit charge ("private bytes"): 70M, peak: 73M

vm_info: OpenJDK 64-Bit Server VM (21.0.5+11-LTS) for windows-amd64 JRE (21.0.5+11-LTS), built on 2024-10-15T00:00:00Z by "admin" with MS VC++ 17.7 (VS2022)

END.
